<?xml version="1.0" encoding="UTF-8"?>
<!-- Generated by org.testng.reporters.JUnitXMLReporter -->
<testsuite ignored="2" hostname="DESKTOP-AMORG4F" failures="1" tests="3" name="chrome_Test" time="38.703" errors="0" timestamp="2022-01-13T16:41:19 IST">
  <testcase classname="com.myStore.testCases.SearchResultPageTest" name="productAvailaibilityTest" time="3.997"/>
  <testcase classname="com.myStore.testCases.IndexPageTest" name="verifyLogo" time="0.084">
    <failure type="java.lang.AssertionError" message=" Logo is not displayed on Indexpage expected [true] but found [false]">
      <![CDATA[java.lang.AssertionError:  Logo is not displayed on Indexpage expected [true] but found [false]
at com.myStore.testCases.IndexPageTest.verifyLogo(IndexPageTest.java:35)
at java.base/java.util.ArrayList.forEach(ArrayList.java:1511)
at java.base/java.util.concurrent.FutureTask.run(FutureTask.java:264)
at java.base/java.util.concurrent.ThreadPoolExecutor.runWorker(ThreadPoolExecutor.java:1130)
at java.base/java.util.concurrent.ThreadPoolExecutor$Worker.run(ThreadPoolExecutor.java:630)
at java.base/java.lang.Thread.run(Thread.java:831)
... Removed 21 stack frames]]>
    </failure>
  </testcase> <!-- verifyLogo -->
  <testcase classname="com.myStore.testCases.IndexPageTest" name="verifyTitle" time="0.014"/>
  <testcase classname="com.myStore.base.BaseClass" name="@BeforeSuite loadConfig" time="0.0">
    <ignored/>
  </testcase> <!-- @BeforeSuite loadConfig -->
  <testcase classname="com.myStore.base.BaseClass" name="@BeforeSuite configureLog" time="0.0">
    <ignored/>
  </testcase> <!-- @BeforeSuite configureLog -->
</testsuite> <!-- chrome_Test -->
